Using pre-set license
Built from '2021.1/staging' branch; Version is '2021.1.24f1 (6667702a1e7c) revision 6711152'; Using compiler version '192528614'; Build Type 'Release'
OS: 'Windows 10 Education; OS build 19042.1288; Version 2009; 64bit' Language: 'fr' Physical Memory: 15741 MB
BatchMode: 1, IsHumanControllingUs: 0, StartBugReporterOnCrash: 0, Is64bit: 1, IsPro: 0

COMMAND LINE ARGUMENTS:
C:\Program Files\Unity\Hub\Editor\2021.1.24f1\Editor\Unity.exe
-adb2
-batchMode
-noUpm
-name
AssetImportWorker0
-projectPath
C:/Users/Jeremy-PC/Desktop/Github/Lezard_Moelleux/Lezard_Moelleux
-logFile
Logs/AssetImportWorker0.log
-srvPort
52048
Successfully changed project path to: C:/Users/Jeremy-PC/Desktop/Github/Lezard_Moelleux/Lezard_Moelleux
C:/Users/Jeremy-PC/Desktop/Github/Lezard_Moelleux/Lezard_Moelleux
Using Asset Import Pipeline V2.
Refreshing native plugins compatible for Editor in 74.11 ms, found 3 plugins.
Preloading 0 native plugins for Editor in 0.00 ms.
Initialize engine version: 2021.1.24f1 (6667702a1e7c)
[Subsystems] Discovering subsystems at path C:/Program Files/Unity/Hub/Editor/2021.1.24f1/Editor/Data/Resources/UnitySubsystems
[Subsystems] Discovering subsystems at path C:/Users/Jeremy-PC/Desktop/Github/Lezard_Moelleux/Lezard_Moelleux/Assets
GfxDevice: creating device client; threaded=0; jobified=0
Direct3D:
    Version:  Direct3D 11.0 [level 11.1]
    Renderer: NVIDIA GeForce GTX 1650 Ti (ID=0x1f95)
    Vendor:   NVIDIA
    VRAM:     3962 MB
    Driver:   30.0.14.7212
Initialize mono
Mono path[0] = 'C:/Program Files/Unity/Hub/Editor/2021.1.24f1/Editor/Data/Managed'
Mono path[1] = 'C:/Program Files/Unity/Hub/Editor/2021.1.24f1/Editor/Data/MonoBleedingEdge/lib/mono/unityjit'
Mono config path = 'C:/Program Files/Unity/Hub/Editor/2021.1.24f1/Editor/Data/MonoBleedingEdge/etc'
Using monoOptions --debugger-agent=transport=dt_socket,embedding=1,server=y,suspend=n,address=127.0.0.1:56952
Begin MonoManager ReloadAssembly
Registering precompiled unity dll's ...
Register platform support module: C:/Program Files/Unity/Hub/Editor/2021.1.24f1/Editor/Data/PlaybackEngines/WindowsStandaloneSupport/UnityEditor.WindowsStandalone.Extensions.dll
Registered in 0.001704 seconds.
Native extension for WindowsStandalone target not found
Refreshing native plugins compatible for Editor in 92.86 ms, found 3 plugins.
Preloading 0 native plugins for Editor in 0.00 ms.
Mono: successfully reloaded assembly
- Completed reload, in  1.018 seconds
Domain Reload Profiling:
	ReloadAssembly (1019ms)
		BeginReloadAssembly (55ms)
			ExecutionOrderSort (0ms)
			DisableScriptedObjects (0ms)
			BackupInstance (0ms)
			ReleaseScriptingObjects (0ms)
			CreateAndSetChildDomain (1ms)
		EndReloadAssembly (423ms)
			LoadAssemblies (53ms)
			RebuildTransferFunctionScriptingTraits (0ms)
			SetupTypeCache (143ms)
			ReleaseScriptCaches (0ms)
			RebuildScriptCaches (27ms)
			SetupLoadedEditorAssemblies (212ms)
				LogAssemblyErrors (0ms)
				InitializePlatformSupportModulesInManaged (5ms)
				SetLoadedEditorAssemblies (0ms)
				RefreshPlugins (93ms)
				BeforeProcessingInitializeOnLoad (1ms)
				ProcessInitializeOnLoadAttributes (85ms)
				ProcessInitializeOnLoadMethodAttributes (27ms)
				AfterProcessingInitializeOnLoad (0ms)
				EditorAssembliesLoaded (0ms)
			ExecutionOrderSort2 (0ms)
			AwakeInstancesAfterBackupRestoration (0ms)
Platform modules already initialized, skipping
Registering precompiled user dll's ...
Registered in 0.004323 seconds.
Begin MonoManager ReloadAssembly
Symbol file LoadedFromMemory doesn't match image C:\Users\Jeremy-PC\Desktop\Github\Lezard_Moelleux\Lezard_Moelleux\Library\PackageCache\com.unity.visualscripting@1.6.1\Editor\VisualScripting.Core\Dependencies\YamlDotNet\Unity.VisualScripting.YamlDotNet.dll
Symbol file LoadedFromMemory doesn't match image C:\Users\Jeremy-PC\Desktop\Github\Lezard_Moelleux\Lezard_Moelleux\Library\PackageCache\com.unity.visualscripting@1.6.1\Editor\VisualScripting.Core\Dependencies\DotNetZip\Unity.VisualScripting.IonicZip.dll
Native extension for WindowsStandalone target not found
Refreshing native plugins compatible for Editor in 75.33 ms, found 3 plugins.
Preloading 0 native plugins for Editor in 0.00 ms.
Mono: successfully reloaded assembly
- Completed reload, in  1.091 seconds
Domain Reload Profiling:
	ReloadAssembly (1091ms)
		BeginReloadAssembly (137ms)
			ExecutionOrderSort (0ms)
			DisableScriptedObjects (4ms)
			BackupInstance (0ms)
			ReleaseScriptingObjects (0ms)
			CreateAndSetChildDomain (20ms)
		EndReloadAssembly (900ms)
			LoadAssemblies (80ms)
			RebuildTransferFunctionScriptingTraits (0ms)
			SetupTypeCache (304ms)
			ReleaseScriptCaches (1ms)
			RebuildScriptCaches (43ms)
			SetupLoadedEditorAssemblies (391ms)
				LogAssemblyErrors (0ms)
				InitializePlatformSupportModulesInManaged (3ms)
				SetLoadedEditorAssemblies (0ms)
				RefreshPlugins (75ms)
				BeforeProcessingInitializeOnLoad (75ms)
				ProcessInitializeOnLoadAttributes (226ms)
				ProcessInitializeOnLoadMethodAttributes (5ms)
				AfterProcessingInitializeOnLoad (6ms)
				EditorAssembliesLoaded (0ms)
			ExecutionOrderSort2 (0ms)
			AwakeInstancesAfterBackupRestoration (6ms)
Platform modules already initialized, skipping
========================================================================
Worker process is ready to serve import requests
Launched and connected shader compiler UnityShaderCompiler.exe after 0.05 seconds
Refreshing native plugins compatible for Editor in 0.68 ms, found 3 plugins.
Preloading 0 native plugins for Editor in 0.00 ms.
Unloading 3247 Unused Serialized files (Serialized files now loaded: 0)
System memory in use before: 118.5 MB.
System memory in use after: 118.7 MB.

Unloading 22 unused Assets to reduce memory usage. Loaded Objects now: 3695.
Total: 4.137300 ms (FindLiveObjects: 0.414300 ms CreateObjectMapping: 0.227900 ms MarkObjects: 3.417500 ms  DeleteObjects: 0.075400 ms)

AssetImportParameters requested are different than current active one (requested -> active):
  custom:framework-win-MediaFoundation: 216162199b28c13a410421893ffa2e32 -> 
  custom:video-decoder-ogg-theora: a1e56fd34408186e4bbccfd4996cb3dc -> 
  custom:container-muxer-webm: aa71ff27fc2769a1b78a27578f13a17b -> 
  custom:container-demuxer-webm: 4f35f7cbe854078d1ac9338744f61a02 -> 
  custom:container-demuxer-ogg: 62fdf1f143b41e24485cea50d1cbac27 -> 
  custom:video-encoder-webm-vp8: eb34c28f22e8b96e1ab97ce403110664 -> 
  custom:video-decoder-webm-vp8: 9c59270c3fd7afecdb556c50c9e8de78 -> 
  custom:audio-decoder-ogg-vorbis: bf7c407c2cedff20999df2af8eb42d56 -> 
  custom:audio-encoder-webm-vorbis: bf7c407c2cedff20999df2af8eb42d56 -> 
========================================================================
Received Import Request.
  path: Assets/Prefabs/Player.prefab
  artifactKey: Guid(943ba4b1c15673e418a19d7fc5ed7ac4) Importer(815301076,1909f56bfc062723c751e8b465ee728b)
Start importing Assets/Prefabs/Player.prefab using Guid(943ba4b1c15673e418a19d7fc5ed7ac4) Importer(815301076,1909f56bfc062723c751e8b465ee728b)  -> (artifact id: '71ef3935d803edfb2c739f935ff5d5f3') in 0.087213 seconds 
========================================================================
Received Import Request.
  Time since last request: 4.194776 seconds.
  path: Assets/Prefabs
  artifactKey: Guid(1b88d8d045c8833469f48faffc9fd9ca) Importer(815301076,1909f56bfc062723c751e8b465ee728b)
Start importing Assets/Prefabs using Guid(1b88d8d045c8833469f48faffc9fd9ca) Importer(815301076,1909f56bfc062723c751e8b465ee728b)  -> (artifact id: 'e03d56da88873a0fa76956075ac7b686') in 0.006811 seconds 
========================================================================
Received Import Request.
  Time since last request: 50.145006 seconds.
  path: Assets/Prefabs/Enemy.prefab
  artifactKey: Guid(5a3e1303cf9bd0f408cf4a888961c83f) Importer(815301076,1909f56bfc062723c751e8b465ee728b)
Start importing Assets/Prefabs/Enemy.prefab using Guid(5a3e1303cf9bd0f408cf4a888961c83f) Importer(815301076,1909f56bfc062723c751e8b465ee728b)  -> (artifact id: 'd5fd4a54dc135e5b875d843869f30622') in 0.012342 seconds 
========================================================================
Received Import Request.
  Time since last request: 2566.448777 seconds.
  path: Assets/Prefabs/Enemies
  artifactKey: Guid(314156b36feb90e429020e2f9b82772c) Importer(815301076,1909f56bfc062723c751e8b465ee728b)
Start importing Assets/Prefabs/Enemies using Guid(314156b36feb90e429020e2f9b82772c) Importer(815301076,1909f56bfc062723c751e8b465ee728b)  -> (artifact id: '7208c1a2f182c00848d867901de1ea53') in 0.006900 seconds 
========================================================================
Received Import Request.
  Time since last request: 8.134861 seconds.
  path: Assets/Materials
  artifactKey: Guid(e80bc26eaffbc2d4f86a62e71fd1cf35) Importer(815301076,1909f56bfc062723c751e8b465ee728b)
Start importing Assets/Materials using Guid(e80bc26eaffbc2d4f86a62e71fd1cf35) Importer(815301076,1909f56bfc062723c751e8b465ee728b)  -> (artifact id: '7459ae793d27d8354e20df5a197847fd') in 0.006759 seconds 
========================================================================
Received Import Request.
  Time since last request: 18.995346 seconds.
  path: Assets/Materials/PlayerMaterial.mat
  artifactKey: Guid(178b19421f172f841ab4955ee5322b6a) Importer(815301076,1909f56bfc062723c751e8b465ee728b)
Start importing Assets/Materials/PlayerMaterial.mat using Guid(178b19421f172f841ab4955ee5322b6a) Importer(815301076,1909f56bfc062723c751e8b465ee728b)  -> (artifact id: '9df50a723eadd91f2e673d45978c2d88') in 0.066117 seconds 
========================================================================
Received Import Request.
  Time since last request: 153.489970 seconds.
  path: Assets/Materials/EnemiesMaterial.mat
  artifactKey: Guid(44239011c85391c40ba564e88ebafce9) Importer(815301076,1909f56bfc062723c751e8b465ee728b)
Start importing Assets/Materials/EnemiesMaterial.mat using Guid(44239011c85391c40ba564e88ebafce9) Importer(815301076,1909f56bfc062723c751e8b465ee728b)  -> (artifact id: '9f2b50821318fade85566e51ca08493f') in 0.032811 seconds 
========================================================================
Received Import Request.
  Time since last request: 69.845363 seconds.
  path: Assets/Prefabs/Enemies/Enemy.prefab
  artifactKey: Guid(5a3e1303cf9bd0f408cf4a888961c83f) Importer(815301076,1909f56bfc062723c751e8b465ee728b)
Start importing Assets/Prefabs/Enemies/Enemy.prefab using Guid(5a3e1303cf9bd0f408cf4a888961c83f) Importer(815301076,1909f56bfc062723c751e8b465ee728b)  -> (artifact id: '3d4f58ee4390f9564d6c4b23f6e9cb53') in 0.010959 seconds 
========================================================================
Received Import Request.
  Time since last request: 15.686443 seconds.
  path: Assets/Prefabs/Player.prefab
  artifactKey: Guid(943ba4b1c15673e418a19d7fc5ed7ac4) Importer(815301076,1909f56bfc062723c751e8b465ee728b)
Start importing Assets/Prefabs/Player.prefab using Guid(943ba4b1c15673e418a19d7fc5ed7ac4) Importer(815301076,1909f56bfc062723c751e8b465ee728b)  -> (artifact id: 'fd0e748d2941b98e71ead04d8365bbbc') in 0.007225 seconds 
AssetImportWorkerClient::OnTransportError - code=2 error=End of file
